Build started 4/6/2011 3:07:48 PM.
     1>Project "c:\Users\data-user\documents\visual studio 2010\Projects\getFreq\getFreq\getFreq.vcxproj" on node 2 (build target(s)).
     1>PrepareForBuild:
         Creating directory "c:\users\data-user\documents\visual studio 2010\Projects\getFreq\Debug\".
       InitializeBuildStatus:
         Creating "Debug\getFreq.unsuccessfulbuild" because "AlwaysCreate" was specified.
       ClCompile:
         C:\Program Files (x86)\Microsoft Visual Studio 10.0\VC\bin\CL.exe /c /ZI /nologo /W3 /WX- /Od /Oy- /D WIN32 /D _DEBUG /D _CONSOLE /D _UNICODE /D UNICODE /Gm /EHsc /RTC1 /MDd /GS /fp:precise /Zc:wchar_t /Zc:forScope /Yc"StdAfx.h" /Fp"Debug\getFreq.pch" /Fo"Debug\\" /Fd"Debug\vc100.pdb" /Gd /TP /analyze- /errorReport:prompt stdafx.cpp
         stdafx.cpp
         C:\Program Files (x86)\Microsoft Visual Studio 10.0\VC\bin\CL.exe /c /ZI /nologo /W3 /WX- /Od /Oy- /D WIN32 /D _DEBUG /D _CONSOLE /D _UNICODE /D UNICODE /Gm /EHsc /RTC1 /MDd /GS /fp:precise /Zc:wchar_t /Zc:forScope /Yu"StdAfx.h" /Fp"Debug\getFreq.pch" /Fo"Debug\\" /Fd"Debug\vc100.pdb" /Gd /TP /analyze- /errorReport:prompt getFreq.cpp
         getFreq.cpp
       ManifestResourceCompile:
         C:\Program Files (x86)\Microsoft SDKs\Windows\v7.0A\bin\rc.exe /nologo /fo"Debug\getFreq.exe.embed.manifest.res" Debug\getFreq_manifest.rc 
       Link:
         C:\Program Files (x86)\Microsoft Visual Studio 10.0\VC\bin\link.exe /ERRORREPORT:PROMPT /OUT:"c:\users\data-user\documents\visual studio 2010\Projects\getFreq\Debug\getFreq.exe" /INCREMENTAL /NOLOGO kernel32.lib user32.lib gdi32.lib winspool.lib comdlg32.lib advapi32.lib shell32.lib ole32.lib oleaut32.lib uuid.lib odbc32.lib odbccp32.lib /MANIFEST /ManifestFile:"Debug\getFreq.exe.intermediate.manifest" /MANIFESTUAC:"level='asInvoker' uiAccess='false'" /DEBUG /PDB:"c:\users\data-user\documents\visual studio 2010\Projects\getFreq\Debug\getFreq.pdb" /SUBSYSTEM:CONSOLE /TLBID:1 /DYNAMICBASE /NXCOMPAT /IMPLIB:"c:\users\data-user\documents\visual studio 2010\Projects\getFreq\Debug\getFreq.lib" /MACHINE:X86 Debug\getFreq.exe.embed.manifest.res
         Debug\getFreq.obj
         Debug\stdafx.obj
         wlmData.lib
       Manifest:
         C:\Program Files (x86)\Microsoft SDKs\Windows\v7.0A\bin\mt.exe /nologo /verbose /out:"Debug\getFreq.exe.embed.manifest" /manifest Debug\getFreq.exe.intermediate.manifest
         C:\Program Files (x86)\Microsoft SDKs\Windows\v7.0A\bin\rc.exe /nologo /fo"Debug\getFreq.exe.embed.manifest.res" Debug\getFreq_manifest.rc 
       LinkEmbedManifest:
         C:\Program Files (x86)\Microsoft Visual Studio 10.0\VC\bin\link.exe /ERRORREPORT:PROMPT /OUT:"c:\users\data-user\documents\visual studio 2010\Projects\getFreq\Debug\getFreq.exe" /INCREMENTAL /NOLOGO kernel32.lib user32.lib gdi32.lib winspool.lib comdlg32.lib advapi32.lib shell32.lib ole32.lib oleaut32.lib uuid.lib odbc32.lib odbccp32.lib /MANIFEST /ManifestFile:"Debug\getFreq.exe.intermediate.manifest" /MANIFESTUAC:"level='asInvoker' uiAccess='false'" /DEBUG /PDB:"c:\users\data-user\documents\visual studio 2010\Projects\getFreq\Debug\getFreq.pdb" /SUBSYSTEM:CONSOLE /TLBID:1 /DYNAMICBASE /NXCOMPAT /IMPLIB:"c:\users\data-user\documents\visual studio 2010\Projects\getFreq\Debug\getFreq.lib" /MACHINE:X86 Debug\getFreq.exe.embed.manifest.res
         Debug\getFreq.obj
         Debug\stdafx.obj
         wlmData.lib
         getFreq.vcxproj -> c:\users\data-user\documents\visual studio 2010\Projects\getFreq\Debug\getFreq.exe
       FinalizeBuildStatus:
         Deleting file "Debug\getFreq.unsuccessfulbuild".
         Touching "Debug\getFreq.lastbuildstate".
     1>Done Building Project "c:\Users\data-user\documents\visual studio 2010\Projects\getFreq\getFreq\getFreq.vcxproj" (build target(s)).

Build succeeded.

Time Elapsed 00:00:01.63
