Build started 4/6/2011 3:01:41 PM.
     1>Project "c:\Users\data-user\documents\visual studio 2010\Projects\startMeasure\startMeasure\startMeasure.vcxproj" on node 2 (build target(s)).
     1>InitializeBuildStatus:
         Touching "Debug\startMeasure.unsuccessfulbuild".
       ClCompile:
         All outputs are up-to-date.
         C:\Program Files (x86)\Microsoft Visual Studio 10.0\VC\bin\CL.exe /c /ZI /nologo /W3 /WX- /Od /Oy- /D WIN32 /D _DEBUG /D _CONSOLE /D _UNICODE /D UNICODE /Gm /EHsc /RTC1 /MDd /GS /fp:precise /Zc:wchar_t /Zc:forScope /Yu"StdAfx.h" /Fp"Debug\startMeasure.pch" /Fo"Debug\\" /Fd"Debug\vc100.pdb" /Gd /TP /analyze- /errorReport:prompt startMeasure.cpp
         startMeasure.cpp
       ManifestResourceCompile:
         All outputs are up-to-date.
       Link:
         C:\Program Files (x86)\Microsoft Visual Studio 10.0\VC\bin\link.exe /ERRORREPORT:PROMPT /OUT:"c:\users\data-user\documents\visual studio 2010\Projects\startMeasure\Debug\startMeasure.exe" /INCREMENTAL /NOLOGO kernel32.lib user32.lib gdi32.lib winspool.lib comdlg32.lib advapi32.lib shell32.lib ole32.lib oleaut32.lib uuid.lib odbc32.lib odbccp32.lib /MANIFEST /ManifestFile:"Debug\startMeasure.exe.intermediate.manifest" /MANIFESTUAC:"level='asInvoker' uiAccess='false'" /DEBUG /PDB:"c:\users\data-user\documents\visual studio 2010\Projects\startMeasure\Debug\startMeasure.pdb" /SUBSYSTEM:CONSOLE /TLBID:1 /DYNAMICBASE /NXCOMPAT /IMPLIB:"c:\users\data-user\documents\visual studio 2010\Projects\startMeasure\Debug\startMeasure.lib" /MACHINE:X86 Debug\startMeasure.exe.embed.manifest.res
         Debug\startMeasure.obj
         Debug\stdafx.obj
         wlmData.lib
       Manifest:
         C:\Program Files (x86)\Microsoft SDKs\Windows\v7.0A\bin\mt.exe /nologo /verbose /out:"Debug\startMeasure.exe.embed.manifest" /manifest Debug\startMeasure.exe.intermediate.manifest
         C:\Program Files (x86)\Microsoft SDKs\Windows\v7.0A\bin\rc.exe /nologo /fo"Debug\startMeasure.exe.embed.manifest.res" Debug\startMeasure_manifest.rc 
       LinkEmbedManifest:
         C:\Program Files (x86)\Microsoft Visual Studio 10.0\VC\bin\link.exe /ERRORREPORT:PROMPT /OUT:"c:\users\data-user\documents\visual studio 2010\Projects\startMeasure\Debug\startMeasure.exe" /INCREMENTAL /NOLOGO kernel32.lib user32.lib gdi32.lib winspool.lib comdlg32.lib advapi32.lib shell32.lib ole32.lib oleaut32.lib uuid.lib odbc32.lib odbccp32.lib /MANIFEST /ManifestFile:"Debug\startMeasure.exe.intermediate.manifest" /MANIFESTUAC:"level='asInvoker' uiAccess='false'" /DEBUG /PDB:"c:\users\data-user\documents\visual studio 2010\Projects\startMeasure\Debug\startMeasure.pdb" /SUBSYSTEM:CONSOLE /TLBID:1 /DYNAMICBASE /NXCOMPAT /IMPLIB:"c:\users\data-user\documents\visual studio 2010\Projects\startMeasure\Debug\startMeasure.lib" /MACHINE:X86 Debug\startMeasure.exe.embed.manifest.res
         Debug\startMeasure.obj
         Debug\stdafx.obj
         wlmData.lib
         startMeasure.vcxproj -> c:\users\data-user\documents\visual studio 2010\Projects\startMeasure\Debug\startMeasure.exe
       FinalizeBuildStatus:
         Deleting file "Debug\startMeasure.unsuccessfulbuild".
         Touching "Debug\startMeasure.lastbuildstate".
     1>Done Building Project "c:\Users\data-user\documents\visual studio 2010\Projects\startMeasure\startMeasure\startMeasure.vcxproj" (build target(s)).

Build succeeded.

Time Elapsed 00:00:01.15
